This is pdfTeX, Version 3.1415926-2.5-1.40.14 (TeX Live 2013/Debian) (format=pdflatex 2013.11.12)  17 DEC 2013 23:15
entering extended mode
 restricted \write18 enabled.
 %&-line parsing enabled.
**Rapport.tex
(./Rapport.tex
LaTeX2e <2011/06/27>
Babel <3.9f> and hyphenation patterns for 78 languages loaded.
(/usr/share/texlive/texmf-dist/tex/latex/base/report.cls
Document Class: report 2007/10/19 v1.4h Standard LaTeX document class
(/usr/share/texlive/texmf-dist/tex/latex/base/size11.clo
File: size11.clo 2007/10/19 v1.4h Standard LaTeX file (size option)
)
\c@part=\count79
\c@chapter=\count80
\c@section=\count81
\c@subsection=\count82
\c@subsubsection=\count83
\c@paragraph=\count84
\c@subparagraph=\count85
\c@figure=\count86
\c@table=\count87
\abovecaptionskip=\skip41
\belowcaptionskip=\skip42
\bibindent=\dimen102
)
(/usr/share/texlive/texmf-dist/tex/latex/base/fontenc.sty
Package: fontenc 2005/09/27 v1.99g Standard LaTeX package

(/usr/share/texlive/texmf-dist/tex/latex/base/t1enc.def
File: t1enc.def 2005/09/27 v1.99g Standard LaTeX file
LaTeX Font Info:    Redeclaring font encoding T1 on input line 43.
))
(/usr/share/texlive/texmf-dist/tex/latex/base/inputenc.sty
Package: inputenc 2008/03/30 v1.1d Input encoding file
\inpenc@prehook=\toks14
\inpenc@posthook=\toks15

(/usr/share/texlive/texmf-dist/tex/latex/base/latin1.def
File: latin1.def 2008/03/30 v1.1d Input encoding file
))
(/usr/share/texlive/texmf-dist/tex/generic/babel/babel.sty
Package: babel 2013/05/16 v3.9f The Babel package

(/usr/share/texlive/texmf-dist/tex/generic/babel-french/frenchb.ldf
Language: frenchb 2013/07/06 v2.6e French support from the babel system

(/usr/share/texlive/texmf-dist/tex/generic/babel/babel.def
File: babel.def 2013/05/16 v3.9f Babel common definitions
\babel@savecnt=\count88
\U@D=\dimen103
)
\FB@interchartokenstateORI=\count89
Package babel Info: Making : an active character on input line 240.
Package babel Info: Making ; an active character on input line 241.
Package babel Info: Making ! an active character on input line 242.
Package babel Info: Making ? an active character on input line 243.
\FB@Mht=\dimen104
\std@mcc=\count90
\dec@mcc=\count91
\listindentFB=\skip43
\labelwidthFB=\skip44
\leftmarginFB=\skip45
\parindentFFN=\dimen105
))
(/usr/share/texlive/texmf-dist/tex/latex/carlisle/scalefnt.sty)
(/usr/share/texlive/texmf-dist/tex/latex/graphics/keyval.sty
Package: keyval 1999/03/16 v1.13 key=value parser (DPC)
\KV@toks@=\toks16
)
(/usr/share/texlive/texmf-dist/tex/latex/eurosym/eurosym.sty
Package: eurosym 1998/08/06 v1.1 European currency symbol ``Euro''
\@eurobox=\box26
)
(/usr/share/texlive/texmf-dist/tex/latex/amsmath/amsmath.sty
Package: amsmath 2013/01/14 v2.14 AMS math features
\@mathmargin=\skip46

For additional information on amsmath, use the `?' option.
(/usr/share/texlive/texmf-dist/tex/latex/amsmath/amstext.sty
Package: amstext 2000/06/29 v2.01

(/usr/share/texlive/texmf-dist/tex/latex/amsmath/amsgen.sty
File: amsgen.sty 1999/11/30 v2.0
\@emptytoks=\toks17
\ex@=\dimen106
))
(/usr/share/texlive/texmf-dist/tex/latex/amsmath/amsbsy.sty
Package: amsbsy 1999/11/29 v1.2d
\pmbraise@=\dimen107
)
(/usr/share/texlive/texmf-dist/tex/latex/amsmath/amsopn.sty
Package: amsopn 1999/12/14 v2.01 operator names
)
\inf@bad=\count92
LaTeX Info: Redefining \frac on input line 210.
\uproot@=\count93
\leftroot@=\count94
LaTeX Info: Redefining \overline on input line 306.
\classnum@=\count95
\DOTSCASE@=\count96
LaTeX Info: Redefining \ldots on input line 378.
LaTeX Info: Redefining \dots on input line 381.
LaTeX Info: Redefining \cdots on input line 466.
\Mathstrutbox@=\box27
\strutbox@=\box28
\big@size=\dimen108
LaTeX Font Info:    Redeclaring font encoding OML on input line 566.
LaTeX Font Info:    Redeclaring font encoding OMS on input line 567.
\macc@depth=\count97
\c@MaxMatrixCols=\count98
\dotsspace@=\muskip10
\c@parentequation=\count99
\dspbrk@lvl=\count100
\tag@help=\toks18
\row@=\count101
\column@=\count102
\maxfields@=\count103
\andhelp@=\toks19
\eqnshift@=\dimen109
\alignsep@=\dimen110
\tagshift@=\dimen111
\tagwidth@=\dimen112
\totwidth@=\dimen113
\lineht@=\dimen114
\@envbody=\toks20
\multlinegap=\skip47
\multlinetaggap=\skip48
\mathdisplay@stack=\toks21
LaTeX Info: Redefining \[ on input line 2665.
LaTeX Info: Redefining \] on input line 2666.
)
(/usr/share/texlive/texmf-dist/tex/latex/amsfonts/amsfonts.sty
Package: amsfonts 2013/01/14 v3.01 Basic AMSFonts support
\symAMSa=\mathgroup4
\symAMSb=\mathgroup5
LaTeX Font Info:    Overwriting math alphabet `\mathfrak' in version `bold'
(Font)                  U/euf/m/n --> U/euf/b/n on input line 106.
)
(/usr/share/texlive/texmf-dist/tex/latex/base/textcomp.sty
Package: textcomp 2005/09/27 v1.99g Standard LaTeX package
Package textcomp Info: Sub-encoding information:
(textcomp)               5 = only ISO-Adobe without \textcurrency
(textcomp)               4 = 5 + \texteuro
(textcomp)               3 = 4 + \textohm
(textcomp)               2 = 3 + \textestimated + \textcurrency
(textcomp)               1 = TS1 - \textcircled - \t
(textcomp)               0 = TS1 (full)
(textcomp)             Font families with sub-encoding setting implement
(textcomp)             only a restricted character set as indicated.
(textcomp)             Family '?' is the default used for unknown fonts.
(textcomp)             See the documentation for details.
Package textcomp Info: Setting ? sub-encoding to TS1/1 on input line 71.

(/usr/share/texlive/texmf-dist/tex/latex/base/ts1enc.def
File: ts1enc.def 2001/06/05 v3.0e (jk/car/fm) Standard LaTeX file
)
LaTeX Info: Redefining \oldstylenums on input line 266.
Package textcomp Info: Setting cmr sub-encoding to TS1/0 on input line 281.
Package textcomp Info: Setting cmss sub-encoding to TS1/0 on input line 282.
Package textcomp Info: Setting cmtt sub-encoding to TS1/0 on input line 283.
Package textcomp Info: Setting cmvtt sub-encoding to TS1/0 on input line 284.
Package textcomp Info: Setting cmbr sub-encoding to TS1/0 on input line 285.
Package textcomp Info: Setting cmtl sub-encoding to TS1/0 on input line 286.
Package textcomp Info: Setting ccr sub-encoding to TS1/0 on input line 287.
Package textcomp Info: Setting ptm sub-encoding to TS1/4 on input line 288.
Package textcomp Info: Setting pcr sub-encoding to TS1/4 on input line 289.
Package textcomp Info: Setting phv sub-encoding to TS1/4 on input line 290.
Package textcomp Info: Setting ppl sub-encoding to TS1/3 on input line 291.
Package textcomp Info: Setting pag sub-encoding to TS1/4 on input line 292.
Package textcomp Info: Setting pbk sub-encoding to TS1/4 on input line 293.
Package textcomp Info: Setting pnc sub-encoding to TS1/4 on input line 294.
Package textcomp Info: Setting pzc sub-encoding to TS1/4 on input line 295.
Package textcomp Info: Setting bch sub-encoding to TS1/4 on input line 296.
Package textcomp Info: Setting put sub-encoding to TS1/5 on input line 297.
Package textcomp Info: Setting uag sub-encoding to TS1/5 on input line 298.
Package textcomp Info: Setting ugq sub-encoding to TS1/5 on input line 299.
Package textcomp Info: Setting ul8 sub-encoding to TS1/4 on input line 300.
Package textcomp Info: Setting ul9 sub-encoding to TS1/4 on input line 301.
Package textcomp Info: Setting augie sub-encoding to TS1/5 on input line 302.
Package textcomp Info: Setting dayrom sub-encoding to TS1/3 on input line 303.
Package textcomp Info: Setting dayroms sub-encoding to TS1/3 on input line 304.

Package textcomp Info: Setting pxr sub-encoding to TS1/0 on input line 305.
Package textcomp Info: Setting pxss sub-encoding to TS1/0 on input line 306.
Package textcomp Info: Setting pxtt sub-encoding to TS1/0 on input line 307.
Package textcomp Info: Setting txr sub-encoding to TS1/0 on input line 308.
Package textcomp Info: Setting txss sub-encoding to TS1/0 on input line 309.
Package textcomp Info: Setting txtt sub-encoding to TS1/0 on input line 310.
Package textcomp Info: Setting lmr sub-encoding to TS1/0 on input line 311.
Package textcomp Info: Setting lmdh sub-encoding to TS1/0 on input line 312.
Package textcomp Info: Setting lmss sub-encoding to TS1/0 on input line 313.
Package textcomp Info: Setting lmssq sub-encoding to TS1/0 on input line 314.
Package textcomp Info: Setting lmvtt sub-encoding to TS1/0 on input line 315.
Package textcomp Info: Setting qhv sub-encoding to TS1/0 on input line 316.
Package textcomp Info: Setting qag sub-encoding to TS1/0 on input line 317.
Package textcomp Info: Setting qbk sub-encoding to TS1/0 on input line 318.
Package textcomp Info: Setting qcr sub-encoding to TS1/0 on input line 319.
Package textcomp Info: Setting qcs sub-encoding to TS1/0 on input line 320.
Package textcomp Info: Setting qpl sub-encoding to TS1/0 on input line 321.
Package textcomp Info: Setting qtm sub-encoding to TS1/0 on input line 322.
Package textcomp Info: Setting qzc sub-encoding to TS1/0 on input line 323.
Package textcomp Info: Setting qhvc sub-encoding to TS1/0 on input line 324.
Package textcomp Info: Setting futs sub-encoding to TS1/4 on input line 325.
Package textcomp Info: Setting futx sub-encoding to TS1/4 on input line 326.
Package textcomp Info: Setting futj sub-encoding to TS1/4 on input line 327.
Package textcomp Info: Setting hlh sub-encoding to TS1/3 on input line 328.
Package textcomp Info: Setting hls sub-encoding to TS1/3 on input line 329.
Package textcomp Info: Setting hlst sub-encoding to TS1/3 on input line 330.
Package textcomp Info: Setting hlct sub-encoding to TS1/5 on input line 331.
Package textcomp Info: Setting hlx sub-encoding to TS1/5 on input line 332.
Package textcomp Info: Setting hlce sub-encoding to TS1/5 on input line 333.
Package textcomp Info: Setting hlcn sub-encoding to TS1/5 on input line 334.
Package textcomp Info: Setting hlcw sub-encoding to TS1/5 on input line 335.
Package textcomp Info: Setting hlcf sub-encoding to TS1/5 on input line 336.
Package textcomp Info: Setting pplx sub-encoding to TS1/3 on input line 337.
Package textcomp Info: Setting pplj sub-encoding to TS1/3 on input line 338.
Package textcomp Info: Setting ptmx sub-encoding to TS1/4 on input line 339.
Package textcomp Info: Setting ptmj sub-encoding to TS1/4 on input line 340.
)
(/usr/share/texlive/texmf-dist/tex/latex/graphics/graphicx.sty
Package: graphicx 1999/02/16 v1.0f Enhanced LaTeX Graphics (DPC,SPQR)

(/usr/share/texlive/texmf-dist/tex/latex/graphics/graphics.sty
Package: graphics 2009/02/05 v1.0o Standard LaTeX Graphics (DPC,SPQR)

(/usr/share/texlive/texmf-dist/tex/latex/graphics/trig.sty
Package: trig 1999/03/16 v1.09 sin cos tan (DPC)
)
(/usr/share/texlive/texmf-dist/tex/latex/latexconfig/graphics.cfg
File: graphics.cfg 2010/04/23 v1.9 graphics configuration of TeX Live
)
Package graphics Info: Driver file: pdftex.def on input line 91.

(/usr/share/texlive/texmf-dist/tex/latex/pdftex-def/pdftex.def
File: pdftex.def 2011/05/27 v0.06d Graphics/color for pdfTeX

(/usr/share/texlive/texmf-dist/tex/generic/oberdiek/infwarerr.sty
Package: infwarerr 2010/04/08 v1.3 Providing info/warning/error messages (HO)
)
(/usr/share/texlive/texmf-dist/tex/generic/oberdiek/ltxcmds.sty
Package: ltxcmds 2011/11/09 v1.22 LaTeX kernel commands for general use (HO)
)
\Gread@gobject=\count104
))
\Gin@req@height=\dimen115
\Gin@req@width=\dimen116
)
(/usr/share/texlive/texmf-dist/tex/latex/float/float.sty
Package: float 2001/11/08 v1.3d Float enhancements (AL)
\c@float@type=\count105
\float@exts=\toks22
\float@box=\box29
\@float@everytoks=\toks23
\@floatcapt=\box30
)
(/usr/share/texlive/texmf-dist/tex/latex/colortbl/colortbl.sty
Package: colortbl 2012/02/13 v1.0a Color table columns (DPC)

(/usr/share/texlive/texmf-dist/tex/latex/tools/array.sty
Package: array 2008/09/09 v2.4c Tabular extension package (FMi)
\col@sep=\dimen117
\extrarowheight=\dimen118
\NC@list=\toks24
\extratabsurround=\skip49
\backup@length=\skip50
)
(/usr/share/texlive/texmf-dist/tex/latex/graphics/color.sty
Package: color 2005/11/14 v1.0j Standard LaTeX Color (DPC)

(/usr/share/texlive/texmf-dist/tex/latex/latexconfig/color.cfg
File: color.cfg 2007/01/18 v1.5 color configuration of teTeX/TeXLive
)
Package color Info: Driver file: pdftex.def on input line 130.
)
\everycr=\toks25
\minrowclearance=\skip51
)
(/usr/share/texlive/texmf-dist/tex/latex/geometry/geometry.sty
Package: geometry 2010/09/12 v5.6 Page Geometry

(/usr/share/texlive/texmf-dist/tex/generic/oberdiek/ifpdf.sty
Package: ifpdf 2011/01/30 v2.3 Provides the ifpdf switch (HO)
Package ifpdf Info: pdfTeX in PDF mode is detected.
)
(/usr/share/texlive/texmf-dist/tex/generic/oberdiek/ifvtex.sty
Package: ifvtex 2010/03/01 v1.5 Detect VTeX and its facilities (HO)
Package ifvtex Info: VTeX not detected.
)
(/usr/share/texlive/texmf-dist/tex/generic/ifxetex/ifxetex.sty
Package: ifxetex 2010/09/12 v0.6 Provides ifxetex conditional
)
\Gm@cnth=\count106
\Gm@cntv=\count107
\c@Gm@tempcnt=\count108
\Gm@bindingoffset=\dimen119
\Gm@wd@mp=\dimen120
\Gm@odd@mp=\dimen121
\Gm@even@mp=\dimen122
\Gm@layoutwidth=\dimen123
\Gm@layoutheight=\dimen124
\Gm@layouthoffset=\dimen125
\Gm@layoutvoffset=\dimen126
\Gm@dimlist=\toks26
)
(/usr/share/texlive/texmf-dist/tex/latex/listings/listings.sty
\lst@mode=\count109
\lst@gtempboxa=\box31
\lst@token=\toks27
\lst@length=\count110
\lst@currlwidth=\dimen127
\lst@column=\count111
\lst@pos=\count112
\lst@lostspace=\dimen128
\lst@width=\dimen129
\lst@newlines=\count113
\lst@lineno=\count114
\lst@maxwidth=\dimen130

(/usr/share/texlive/texmf-dist/tex/latex/listings/lstmisc.sty
File: lstmisc.sty 2013/07/10 1.5 (Carsten Heinz)
\c@lstnumber=\count115
\lst@skipnumbers=\count116
\lst@framebox=\box32
)
(/usr/share/texlive/texmf-dist/tex/latex/listings/listings.cfg
File: listings.cfg 2013/06/27 1.5pre1 listings configuration
))
Package: listings 2013/07/10 1.5 (Carsten Heinz)

(/usr/share/texlive/texmf-dist/tex/latex/base/ifthen.sty
Package: ifthen 2001/05/26 v1.1c Standard LaTeX ifthen package (DPC)
)
(/usr/share/texlive/texmf-dist/tex/latex/url/url.sty
\Urlmuskip=\muskip11
Package: url 2006/04/12  ver 3.3  Verb mode for urls, etc.
)
(/usr/share/texlive/texmf-dist/tex/latex/etoolbox/etoolbox.sty
Package: etoolbox 2011/01/03 v2.1 e-TeX tools for LaTeX

(/usr/share/texlive/texmf-dist/tex/latex/etex-pkg/etex.sty
Package: etex 1998/03/26 v2.0 eTeX basic definition package (PEB)
\et@xins=\count117
)
\etb@tempcnta=\count118
) (./Rapport.aux
(./title.aux) (./remerciements.aux) (./Introduction.aux) (./Technique.aux)
(./ApprocheCommerciale.aux) (./Conclusion.aux) (./LeCode.aux))
\openout1 = `Rapport.aux'.

LaTeX Font Info:    Checking defaults for OML/cmm/m/it on input line 44.
LaTeX Font Info:    ... okay on input line 44.
LaTeX Font Info:    Checking defaults for T1/cmr/m/n on input line 44.
LaTeX Font Info:    ... okay on input line 44.
LaTeX Font Info:    Checking defaults for OT1/cmr/m/n on input line 44.
LaTeX Font Info:    ... okay on input line 44.
LaTeX Font Info:    Checking defaults for OMS/cmsy/m/n on input line 44.
LaTeX Font Info:    ... okay on input line 44.
LaTeX Font Info:    Checking defaults for OMX/cmex/m/n on input line 44.
LaTeX Font Info:    ... okay on input line 44.
LaTeX Font Info:    Checking defaults for U/cmr/m/n on input line 44.
LaTeX Font Info:    ... okay on input line 44.
LaTeX Font Info:    Checking defaults for TS1/cmr/m/n on input line 44.
LaTeX Font Info:    Try loading font information for TS1+cmr on input line 44.

(/usr/share/texlive/texmf-dist/tex/latex/base/ts1cmr.fd
File: ts1cmr.fd 1999/05/25 v2.5h Standard LaTeX font definitions
)
LaTeX Font Info:    ... okay on input line 44.
LaTeX Info: Redefining \degres on input line 44.
LaTeX Info: Redefining \dots on input line 44.
LaTeX Info: Redefining \up on input line 44.

(/usr/share/texlive/texmf-dist/tex/context/base/supp-pdf.mkii
[Loading MPS to PDF converter (version 2006.09.02).]
\scratchcounter=\count119
\scratchdimen=\dimen131
\scratchbox=\box33
\nofMPsegments=\count120
\nofMParguments=\count121
\everyMPshowfont=\toks28
\MPscratchCnt=\count122
\MPscratchDim=\dimen132
\MPnumerator=\count123
\makeMPintoPDFobject=\count124
\everyMPtoPDFconversion=\toks29
) (/usr/share/texlive/texmf-dist/tex/generic/oberdiek/pdftexcmds.sty
Package: pdftexcmds 2011/11/29 v0.20 Utility functions of pdfTeX for LuaTeX (HO
)

(/usr/share/texlive/texmf-dist/tex/generic/oberdiek/ifluatex.sty
Package: ifluatex 2010/03/01 v1.3 Provides the ifluatex switch (HO)
Package ifluatex Info: LuaTeX not detected.
)
Package pdftexcmds Info: LuaTeX not detected.
Package pdftexcmds Info: \pdf@primitive is available.
Package pdftexcmds Info: \pdf@ifprimitive is available.
Package pdftexcmds Info: \pdfdraftmode found.
)
(/usr/share/texlive/texmf-dist/tex/latex/oberdiek/epstopdf-base.sty
Package: epstopdf-base 2010/02/09 v2.5 Base part for package epstopdf

(/usr/share/texlive/texmf-dist/tex/latex/oberdiek/grfext.sty
Package: grfext 2010/08/19 v1.1 Manage graphics extensions (HO)

(/usr/share/texlive/texmf-dist/tex/generic/oberdiek/kvdefinekeys.sty
Package: kvdefinekeys 2011/04/07 v1.3 Define keys (HO)
))
(/usr/share/texlive/texmf-dist/tex/latex/oberdiek/kvoptions.sty
Package: kvoptions 2011/06/30 v3.11 Key value format for package options (HO)

(/usr/share/texlive/texmf-dist/tex/generic/oberdiek/kvsetkeys.sty
Package: kvsetkeys 2012/04/25 v1.16 Key value parser (HO)

(/usr/share/texlive/texmf-dist/tex/generic/oberdiek/etexcmds.sty
Package: etexcmds 2011/02/16 v1.5 Avoid name clashes with e-TeX commands (HO)
Package etexcmds Info: Could not find \expanded.
(etexcmds)             That can mean that you are not using pdfTeX 1.50 or
(etexcmds)             that some package has redefined \expanded.
(etexcmds)             In the latter case, load this package earlier.
)))
Package grfext Info: Graphics extension search list:
(grfext)             [.png,.pdf,.jpg,.mps,.jpeg,.jbig2,.jb2,.PNG,.PDF,.JPG,.JPE
G,.JBIG2,.JB2,.eps]
(grfext)             \AppendGraphicsExtensions on input line 452.

(/usr/share/texlive/texmf-dist/tex/latex/latexconfig/epstopdf-sys.cfg
File: epstopdf-sys.cfg 2010/07/13 v1.3 Configuration of (r)epstopdf for TeX Liv
e
))
*geometry* driver: auto-detecting
*geometry* detected driver: pdftex
*geometry* verbose mode - [ preamble ] result:
* driver: pdftex
* paper: a4paper
* layout: <same size as paper>
* layoutoffset:(h,v)=(0.0pt,0.0pt)
* modes: 
* h-part:(L,W,R)=(56.9055pt, 483.69687pt, 56.9055pt)
* v-part:(T,H,B)=(56.9055pt, 731.23584pt, 56.9055pt)
* \paperwidth=597.50787pt
* \paperheight=845.04684pt
* \textwidth=483.69687pt
* \textheight=731.23584pt
* \oddsidemargin=-15.36449pt
* \evensidemargin=-15.36449pt
* \topmargin=-52.36449pt
* \headheight=12.0pt
* \headsep=25.0pt
* \topskip=11.0pt
* \footskip=30.0pt
* \marginparwidth=50.0pt
* \marginparsep=10.0pt
* \columnsep=10.0pt
* \skip\footins=10.0pt plus 4.0pt minus 2.0pt
* \hoffset=0.0pt
* \voffset=0.0pt
* \mag=1000
* \@twocolumnfalse
* \@twosidefalse
* \@mparswitchfalse
* \@reversemarginfalse
* (1in=72.27pt=25.4mm, 1cm=28.453pt)

\c@lstlisting=\count125
\openout2 = `title.aux'.

(./title.tex <./Images/logomines.pdf, id=1, 184.94295pt x 156.49065pt>
File: ./Images/logomines.pdf Graphic file (type pdf)

<use ./Images/logomines.pdf>
Package pdftex.def Info: ./Images/logomines.pdf used on input line 3.
(pdftex.def)             Requested size: 85.35826pt x 72.22774pt.

<./Images/logomigSE.png, id=2, 385.44pt x 385.44pt>
File: ./Images/logomigSE.png Graphic file (type png)

<use ./Images/logomigSE.png>
Package pdftex.def Info: ./Images/logomigSE.png used on input line 8.
(pdftex.def)             Requested size: 85.35826pt x 85.35579pt.

Overfull \hbox (36.98563pt too wide) in paragraph at lines 8--9
[][] 
 []

LaTeX Font Info:    Try loading font information for U+msa on input line 9.
(/usr/share/texlive/texmf-dist/tex/latex/amsfonts/umsa.fd
File: umsa.fd 2013/01/14 v3.01 AMS symbols A
)
LaTeX Font Info:    Try loading font information for U+msb on input line 9.

(/usr/share/texlive/texmf-dist/tex/latex/amsfonts/umsb.fd
File: umsb.fd 2013/01/14 v3.01 AMS symbols B
)
<./Images/eurocopter.jpg, id=4, 648.2619pt x 432.4155pt>
File: ./Images/eurocopter.jpg Graphic file (type jpg)

<use ./Images/eurocopter.jpg>
Package pdftex.def Info: ./Images/eurocopter.jpg used on input line 29.
(pdftex.def)             Requested size: 227.62204pt x 151.82935pt.
 [1


{/var/lib/texmf/fonts/map/pdftex/updmap/pdftex.map} <./Images/logomines.pdf> <.
/Images/logomigSE.png> <./Images/eurocopter.jpg>])
\openout2 = `remerciements.aux'.

 (./remerciements.tex) [1


] (./Rapport.toc [2


]
! Missing $ inserted.
<inserted text> 
                $
l.118 ...on}{\numberline {B.1}fenetre_hann.py}{37}
                                                  
? 
! Extra }, or forgotten $.
\@dottedtocline ...\nobreak \hskip -\leftskip {#4}
                                                  \nobreak \leaders \hbox {$...
l.118 ...on}{\numberline {B.1}fenetre_hann.py}{37}
                                                  
? 
! Missing $ inserted.
<inserted text> 
                $
l.118 ...on}{\numberline {B.1}fenetre_hann.py}{37}
                                                  
? 
! Missing $ inserted.
<inserted text> 
                $
l.121 ...tion}{\numberline {B.4}passe_haut.py}{37}
                                                  
? 
! Extra }, or forgotten $.
\@dottedtocline ...\nobreak \hskip -\leftskip {#4}
                                                  \nobreak \leaders \hbox {$...
l.121 ...tion}{\numberline {B.4}passe_haut.py}{37}
                                                  
? 
! Missing $ inserted.
<inserted text> 
                $
l.121 ...tion}{\numberline {B.4}passe_haut.py}{37}
                                                  
? 
[3])
\tf@toc=\write3
\openout3 = `Rapport.toc'.


! Missing } inserted.
<inserted text> 
                }
l.52 \tableofcontents
                     
? 
! Missing } inserted.
<inserted text> 
                }
l.52 \tableofcontents
                     
? 
[4]
\openout2 = `Introduction.aux'.

 (./Introduction.tex [5


] [6]) [7]
\openout2 = `Technique.aux'.

 (./Technique.tex (./Principe.tex
Chapitre 1.
<Images/traitement.png, id=52, 1005.7575pt x 655.44875pt>
File: Images/traitement.png Graphic file (type png)

<use Images/traitement.png>
Package pdftex.def Info: Images/traitement.png used on input line 16.
(pdftex.def)             Requested size: 284.52756pt x 185.42465pt.


LaTeX Warning: `!h' float specifier changed to `!ht'.

[8



]) (./Analyse.tex
Chapitre 2.
[9 <./Images/traitement.png>]
<Images/oreille.png, id=61, 192.72pt x 133.4586pt>
File: Images/oreille.png Graphic file (type png)
 <use Images/oreille.png>
Package pdftex.def Info: Images/oreille.png used on input line 10.
(pdftex.def)             Requested size: 227.62204pt x 157.62843pt.

[10 <./Images/oreille.png>]
<Images/VICA.png, id=66, 838.13126pt x 257.96375pt>
File: Images/VICA.png Graphic file (type png)
 <use Images/VICA.png>
Package pdftex.def Info: Images/VICA.png used on input line 22.
(pdftex.def)             Requested size: 398.33858pt x 122.60095pt.

<Images/synchro.png, id=67, 894.34125pt x 175.65625pt>
File: Images/synchro.png Graphic file (type png)

<use Images/synchro.png>
Package pdftex.def Info: Images/synchro.png used on input line 39.
(pdftex.def)             Requested size: 512.1496pt x 100.59146pt.

Overfull \hbox (28.45273pt too wide) in paragraph at lines 39--40
 [] 
 []

[11 <./Images/VICA.png (PNG copy)> <./Images/synchro.png (PNG copy)>]
<Images/passehautavant.png, id=73, 814.04124pt x 178.6675pt>
File: Images/passehautavant.png Graphic file (type png)

<use Images/passehautavant.png>
Package pdftex.def Info: Images/passehautavant.png used on input line 64.
(pdftex.def)             Requested size: 426.79134pt x 93.67369pt.

<Images/passehautapres.png, id=74, 813.0375pt x 176.66pt>
File: Images/passehautapres.png Graphic file (type png)

<use Images/passehautapres.png>
Package pdftex.def Info: Images/passehautapres.png used on input line 70.
(pdftex.def)             Requested size: 426.79134pt x 92.7344pt.
 [12 <./Images/passehautavant.png (PNG copy)> <./Images/passehautapres.png (PNG
 copy)>]
<Images/fenetrenormale.png, id=81, 499.8675pt x 162.6075pt>
File: Images/fenetrenormale.png Graphic file (type png)

<use Images/fenetrenormale.png>
Package pdftex.def Info: Images/fenetrenormale.png used on input line 110.
(pdftex.def)             Requested size: 227.62204pt x 74.04607pt.

<Images/fenetrehann.png, id=82, 499.8675pt x 162.6075pt>
File: Images/fenetrehann.png Graphic file (type png)

<use Images/fenetrehann.png>
Package pdftex.def Info: Images/fenetrehann.png used on input line 116.
(pdftex.def)             Requested size: 227.62204pt x 74.04607pt.
 [13 <./Images/fenetrenormale.png> <./Images/fenetrehann.png>] <Images/tf2.png,
 id=88, 774.64406pt x 316.18124pt>
File: Images/tf2.png Graphic file (type png)

<use Images/tf2.png>
Package pdftex.def Info: Images/tf2.png used on input line 146.
(pdftex.def)             Requested size: 426.79134pt x 174.20416pt.
 [14 <./Images/tf2.png>]
<Images/Mel.png, id=92, 588.69937pt x 442.65375pt>
File: Images/Mel.png Graphic file (type png)
 <use Images/Mel.png>
Package pdftex.def Info: Images/Mel.png used on input line 182.
(pdftex.def)             Requested size: 284.52756pt x 213.94382pt.

[15 <./Images/Mel.png (PNG copy)>]
<Images/DCTschema.png, id=96, 257.96375pt x 313.17pt>
File: Images/DCTschema.png Graphic file (type png)

<use Images/DCTschema.png>
Package pdftex.def Info: Images/DCTschema.png used on input line 193.
(pdftex.def)             Requested size: 187.5011pt x 227.62204pt.
 [16 <./Images/DCTschema.png>]) (./MMC.tex [17]
Chapitre 3.
<Images/MMC1.png, id=105, 330.23375pt x 163.61125pt>
File: Images/MMC1.png Graphic file (type png)
 <use Images/MMC1.png>
Package pdftex.def Info: Images/MMC1.png used on input line 11.
(pdftex.def)             Requested size: 170.71652pt x 84.58153pt.

<Images/MMC2.png, id=106, 360.34625pt x 154.5775pt>
File: Images/MMC2.png Graphic file (type png)
 <use Images/MMC2.png>
Package pdftex.def Info: Images/MMC2.png used on input line 33.
(pdftex.def)             Requested size: 170.71652pt x 73.23164pt.

[18

 <./Images/MMC1.png>] [19 <./Images/MMC2.png (PNG copy)>])
(./Recapitulatif.tex <Images/diagramme.png, id=116, 469.755pt x 450.68375pt>
File: Images/diagramme.png Graphic file (type png)

<use Images/diagramme.png>
Package pdftex.def Info: Images/diagramme.png used on input line 4.
(pdftex.def)             Requested size: 284.52756pt x 272.9774pt.
)) [20 <./Images/diagramme.png>]
\openout2 = `ApprocheCommerciale.aux'.


(./ApprocheCommerciale.tex (./Architecture.tex
Chapitre 1.
<Images/logomigSE.png, id=120, 385.44pt x 385.44pt>
File: Images/logomigSE.png Graphic file (type png)
 <use Images/logomigSE.png>
Package pdftex.def Info: Images/logomigSE.png used on input line 13.
(pdftex.def)             Requested size: 142.26378pt x 142.26357pt.

[21



 <./Images/logomigSE.png>]
<Images/architecture.png, id=126, 793.96625pt x 528.97626pt>
File: Images/architecture.png Graphic file (type png)

<use Images/architecture.png>
Package pdftex.def Info: Images/architecture.png used on input line 47.
(pdftex.def)             Requested size: 398.33858pt x 265.39955pt.

<Images/vieRequete.png, id=127, 1282.7925pt x 742.775pt>
File: Images/vieRequete.png Graphic file (type png)

<use Images/vieRequete.png>
Package pdftex.def Info: Images/vieRequete.png used on input line 63.
(pdftex.def)             Requested size: 398.33858pt x 230.64322pt.
 [22 <./Images/architecture.png>]
<Images/server.png, id=132, 523.9575pt x 200.75pt>
File: Images/server.png Graphic file (type png)
 <use Images/server.png>
Package pdftex.def Info: Images/server.png used on input line 101.
(pdftex.def)             Requested size: 398.33858pt x 152.62364pt.

[23 <./Images/vieRequete.png>] [24 <./Images/server.png>]
<Images/server-gamme.png, id=140, 973.6375pt x 532.99126pt>
File: Images/server-gamme.png Graphic file (type png)

<use Images/server-gamme.png>
Package pdftex.def Info: Images/server-gamme.png used on input line 211.
(pdftex.def)             Requested size: 398.33858pt x 218.05612pt.
 [25]
<Images/speechrecorder-log.png, id=144, 315.1775pt x 288.07625pt>
File: Images/speechrecorder-log.png Graphic file (type png)

<use Images/speechrecorder-log.png>
Package pdftex.def Info: Images/speechrecorder-log.png used on input line 249.
(pdftex.def)             Requested size: 155.65024pt x 142.26378pt.
 [26 <./Images/server-gamme.png>]
<Images/speechrecorder-record.png, id=148, 1340.00626pt x 589.20125pt>
File: Images/speechrecorder-record.png Graphic file (type png)

<use Images/speechrecorder-record.png>
Package pdftex.def Info: Images/speechrecorder-record.png used on input line 25
6.
(pdftex.def)             Requested size: 398.33858pt x 175.14345pt.

<Images/speechapp-desktop.png, id=149, 1445.4pt x 903.375pt>
File: Images/speechapp-desktop.png Graphic file (type png)

<use Images/speechapp-desktop.png>
Package pdftex.def Info: Images/speechapp-desktop.png used on input line 278.
(pdftex.def)             Requested size: 398.33858pt x 248.9596pt.
 [27 <./Images/speechrecorder-log.png> <./Images/speechrecorder-record.png>]
<Images/speechapp-iphone.png, id=153, 642.4pt x 481.8pt>
File: Images/speechapp-iphone.png Graphic file (type png)

<use Images/speechapp-iphone.png>
Package pdftex.def Info: Images/speechapp-iphone.png used on input line 286.
(pdftex.def)             Requested size: 398.33858pt x 298.76436pt.

<Images/speechapp-ipad.png, id=154, 642.4pt x 463.7325pt>
File: Images/speechapp-ipad.png Graphic file (type png)

<use Images/speechapp-ipad.png>
Package pdftex.def Info: Images/speechapp-ipad.png used on input line 293.
(pdftex.def)             Requested size: 398.33858pt x 287.5607pt.
 [28 <./Images/speechapp-desktop.png> <./Images/speechapp-iphone.png>]
LaTeX Font Info:    Try loading font information for T1+cmtt on input line 306.

 (/usr/share/texlive/texmf-dist/tex/latex/base/t1cmtt.fd
File: t1cmtt.fd 1999/05/25 v2.5h Standard LaTeX font definitions
)) (./Applications.tex [29 <./Images/speechapp-ipad.png>]
Chapitre 2.
[30

]) (./BudgetEco.tex [31]
Chapitre 3.
<Images/Salaires.png, id=169, 560.69475pt x 537.80925pt>
File: Images/Salaires.png Graphic file (type png)

<use Images/Salaires.png>
Package pdftex.def Info: Images/Salaires.png used on input line 24.
(pdftex.def)             Requested size: 284.52756pt x 272.91684pt.

<Images/ResultatPrev.png, id=170, 564.9105pt x 218.61674pt>
File: Images/ResultatPrev.png Graphic file (type png)

<use Images/ResultatPrev.png>
Package pdftex.def Info: Images/ResultatPrev.png used on input line 42.
(pdftex.def)             Requested size: 284.52756pt x 110.10869pt.
 [32

 <./Images/Salaires.png>]
<Images/ActifPassif.png, id=175, 476.37975pt x 197.538pt>
File: Images/ActifPassif.png Graphic file (type png)

<use Images/ActifPassif.png>
Package pdftex.def Info: Images/ActifPassif.png used on input line 50.
(pdftex.def)             Requested size: 284.52756pt x 117.98416pt.

<Images/Impots.png, id=176, 343.2825pt x 81.30376pt>
File: Images/Impots.png Graphic file (type png)
 <use Images/Impots.png>
Package pdftex.def Info: Images/Impots.png used on input line 70.
(pdftex.def)             Requested size: 284.52756pt x 67.3878pt.

[33 <./Images/ResultatPrev.png> <./Images/ActifPassif.png>])) [34 <./Images/Imp
ots.png>]
\openout2 = `Conclusion.aux'.

 (./Conclusion.tex) [35



]
\openout2 = `LeCode.aux'.

 (./LeCode.tex (./Principal.tex
Annexe A.

! Package Listings Error: File `../src/shell(.py)' not found.

Type X to quit or <RETURN> to proceed,
or enter new name. (Default extension: py)

Enter file name: 
! Undefined control sequence.
\\lst@inputlisting ...}}\reserved@a }\lst@doendpe 
                                                  \@newlistfalse \ignorespaces 
l.3 ...irstline=20, lastline=318]{../src/shell.py}
                                                  
? 

! Package Listings Error: File `../src/server(.py)' not found.

Type X to quit or <RETURN> to proceed,
or enter new name. (Default extension: py)

Enter file name: 
! Undefined control sequence.
\\lst@inputlisting ...}}\reserved@a }\lst@doendpe 
                                                  \@newlistfalse \ignorespaces 
l.6 ...firstline=9, lastline=21]{../src/server.py}
                                                  
? 

! Package Listings Error: File `../src/gui(.py)' not found.

Type X to quit or <RETURN> to proceed,
or enter new name. (Default extension: py)

Enter file name: 
! Undefined control sequence.
\\lst@inputlisting ...}}\reserved@a }\lst@doendpe 
                                                  \@newlistfalse \ignorespaces 
l.9 ... firstline=17, lastline=247]{../src/gui.py}
                                                  
? 
) (./handling.tex [36



]
Annexe B.
! Missing $ inserted.
<inserted text> 
                $
l.2 	\section{fenetre_hann.py}
                              
? 
! Missing $ inserted.
<inserted text> 
                $
l.2 	\section{fenetre_hann.py}
                              
? 

! Package Listings Error: File `../src/handling/fenetre_hann(.py)' not found.

Type X to quit or <RETURN> to proceed,
or enter new name. (Default extension: py)

Enter file name: 
! Undefined control sequence.
\\lst@inputlisting ...}}\reserved@a }\lst@doendpe 
                                                  \@newlistfalse \ignorespaces 
l.3 ...stline=45]{../src/handling/fenetre_hann.py}
                                                  
? 

! Package Listings Error: File `../src/handling/inverseDCT(.py)' not found.

Type X to quit or <RETURN> to proceed,
or enter new name. (Default extension: py)

Enter file name: 
! Undefined control sequence.
\\lst@inputlisting ...}}\reserved@a }\lst@doendpe 
                                                  \@newlistfalse \ignorespaces 
l.6 ...lastline=39]{../src/handling/inverseDCT.py}
                                                  
? 

! Package Listings Error: File `../src/handling/triangularFilterbank(.py)' not 
found.

Type X to quit or <RETURN> to proceed,
or enter new name. (Default extension: py)

Enter file name: 
! Undefined control sequence.
\\lst@inputlisting ...}}\reserved@a }\lst@doendpe 
                                                  \@newlistfalse \ignorespaces 
l.9 ...9]{../src/handling/triangularFilterbank.py}
                                                  
? 
! Missing $ inserted.
<inserted text> 
                $
l.11 	\section{passe_haut.py}
                             
? 
! Missing $ inserted.
<inserted text> 
                $
l.11 	\section{passe_haut.py}
                             
? 

! Package Listings Error: File `../src/handling/passe_haut(.py)' not found.

Type X to quit or <RETURN> to proceed,
or enter new name. (Default extension: py)

Enter file name: 
! Undefined control sequence.
\\lst@inputlisting ...}}\reserved@a }\lst@doendpe 
                                                  \@newlistfalse \ignorespaces 
l.12 ...astline=15]{../src/handling/passe_haut.py}
                                                  
? 

! Package Listings Error: File `../src/handling/fft(.cpp)' not found.

Type X to quit or <RETURN> to proceed,
or enter new name. (Default extension: cpp)

Enter file name: 
! Undefined control sequence.
\\lst@inputlisting ...}}\reserved@a }\lst@doendpe 
                                                  \@newlistfalse \ignorespaces 
l.15 ...=6, lastline=132]{../src/handling/fft.cpp}
                                                  
? 
) (./hmm.tex [37

]
Annexe C.

! Package Listings Error: File `../src/hmm/creationVecteurHMM(.py)' not found.

Type X to quit or <RETURN> to proceed,
or enter new name. (Default extension: py)

Enter file name: 
! Undefined control sequence.
\\lst@inputlisting ...}}\reserved@a }\lst@doendpe 
                                                  \@newlistfalse \ignorespaces 
l.3 ...tline=47]{../src/hmm/creationVecteurHMM.py}
                                                  
? 

! Package Listings Error: File `../src/hmm/markov(.py)' not found.

Type X to quit or <RETURN> to proceed,
or enter new name. (Default extension: py)

Enter file name: 
! Undefined control sequence.
\\lst@inputlisting ...}}\reserved@a }\lst@doendpe 
                                                  \@newlistfalse \ignorespaces 
l.6 ...line=8, lastline=237]{../src/hmm/markov.py}
                                                  
? 

! Package Listings Error: File `../src/hmm/tableauEnergyPerFrame(.py)' not foun
d.

Type X to quit or <RETURN> to proceed,
or enter new name. (Default extension: py)

Enter file name: 
! Undefined control sequence.
\\lst@inputlisting ...}}\reserved@a }\lst@doendpe 
                                                  \@newlistfalse \ignorespaces 
l.9 ...ine=8]{../src/hmm/tableauEnergyPerFrame.py}
                                                  
? 

! Package Listings Error: File `../src/hmm/hmm(.cpp)' not found.

Type X to quit or <RETURN> to proceed,
or enter new name. (Default extension: cpp)

Enter file name: 
! Undefined control sequence.
\\lst@inputlisting ...}}\reserved@a }\lst@doendpe 
                                                  \@newlistfalse \ignorespaces 
l.12 ...tline=7, lastline=885]{../src/hmm/hmm.cpp}
                                                  
? 
) (./recording.tex [38

]
Annexe D.

! Package Listings Error: File `../src/recording/recorder(.py)' not found.

Type X to quit or <RETURN> to proceed,
or enter new name. (Default extension: py)

Enter file name: 
! Undefined control sequence.
\\lst@inputlisting ...}}\reserved@a }\lst@doendpe 
                                                  \@newlistfalse \ignorespaces 
l.3 ... lastline=64]{../src/recording/recorder.py}
                                                  
? 

! Package Listings Error: File `../src/recording/sync(.py)' not found.

Type X to quit or <RETURN> to proceed,
or enter new name. (Default extension: py)

Enter file name: 
! Undefined control sequence.
\\lst@inputlisting ...}}\reserved@a }\lst@doendpe 
                                                  \@newlistfalse \ignorespaces 
l.6 ...=9, lastline=128]{../src/recording/sync.py}
                                                  
? 
) (./utils.tex [39

]
Annexe E.

! Package Listings Error: File `../src/utils/animate(.py)' not found.

Type X to quit or <RETURN> to proceed,
or enter new name. (Default extension: py)

Enter file name: 
! Undefined control sequence.
\\lst@inputlisting ...}}\reserved@a }\lst@doendpe 
                                                  \@newlistfalse \ignorespaces 
l.3 ...ne=8, lastline=33]{../src/utils/animate.py}
                                                  
? 

! Package Listings Error: File `../src/utils/constantes(.py)' not found.

Type X to quit or <RETURN> to proceed,
or enter new name. (Default extension: py)

Enter file name: 
! Undefined control sequence.
\\lst@inputlisting ...}}\reserved@a }\lst@doendpe 
                                                  \@newlistfalse \ignorespaces 
l.6 ...6, lastline=26]{../src/utils/constantes.py}
                                                  
? 

! Package Listings Error: File `../src/utils/db(.py)' not found.

Type X to quit or <RETURN> to proceed,
or enter new name. (Default extension: py)

Enter file name: 
! Undefined control sequence.
\\lst@inputlisting ...}}\reserved@a }\lst@doendpe 
                                                  \@newlistfalse \ignorespaces 
l.9 ...stline=9, lastline=252]{../src/utils/db.py}
                                                  
? 

! Package Listings Error: File `../src/utils/util(.py)' not found.

Type X to quit or <RETURN> to proceed,
or enter new name. (Default extension: py)

Enter file name: 
! Undefined control sequence.
\\lst@inputlisting ...}}\reserved@a }\lst@doendpe 
                                                  \@newlistfalse \ignorespaces 
l.12 ...ine=14, lastline=40]{../src/utils/util.py}
                                                  
? 
) [40

] (./js.tex

! Package Listings Error: File `../src/speechapp/js/main(.js)' not found.

Type X to quit or <RETURN> to proceed,
or enter new name. (Default extension: js)

Enter file name: 
! Undefined control sequence.
\\lst@inputlisting ...}}\reserved@a }\lst@doendpe 
                                                  \@newlistfalse \ignorespaces 
l.18 ...lastline=270]{../src/speechapp/js/main.js}
                                                  
? 

! Package Listings Error: File `../src/speechapp/js/holder(.js)' not found.

Type X to quit or <RETURN> to proceed,
or enter new name. (Default extension: js)

Enter file name: 
! Undefined control sequence.
\\lst@inputlisting ...}}\reserved@a }\lst@doendpe 
                                                  \@newlistfalse \ignorespaces 
l.21 ...stline=500]{../src/speechapp/js/holder.js}
                                                  
? 

! Package Listings Error: File `../src/speechapp/js/recorder(.js)' not found.

Type X to quit or <RETURN> to proceed,
or enter new name. (Default extension: js)

Enter file name: 
! Undefined control sequence.
\\lst@inputlisting ...}}\reserved@a }\lst@doendpe 
                                                  \@newlistfalse \ignorespaces 
l.24 ...tline=87]{../src/speechapp/js/recorder.js}
                                                  
? 

! Package Listings Error: File `../src/speechapp/js/recorderWorker(.js)' not fo
und.

Type X to quit or <RETURN> to proceed,
or enter new name. (Default extension: js)

Enter file name: 
! Undefined control sequence.
\\lst@inputlisting ...}}\reserved@a }\lst@doendpe 
                                                  \@newlistfalse \ignorespaces 
l.27 ...31]{../src/speechapp/js/recorderWorker.js}
                                                  
? 
)

! Package Listings Error: File `../src/speechapp/index(.html)' not found.

Type X to quit or <RETURN> to proceed,
or enter new name. (Default extension: html)

Enter file name: 
! Undefined control sequence.
\\lst@inputlisting ...}}\reserved@a }\lst@doendpe 
                                                  \@newlistfalse \ignorespaces 
l.66 ...lastline=147]{../src/speechapp/index.html}
                                                  
? 
[41

] (./speechserver.tex

! Package Listings Error: File `../src/speechserver/main(.py)' not found.

Type X to quit or <RETURN> to proceed,
or enter new name. (Default extension: py)

Enter file name: 
! Undefined control sequence.
\\lst@inputlisting ...}}\reserved@a }\lst@doendpe 
                                                  \@newlistfalse \ignorespaces 
l.2 ... lastline=104]{../src/speechserver/main.py}
                                                  
? 

! Package Listings Error: File `../src/speechserver/audioConverter(.py)' not fo
und.

Type X to quit or <RETURN> to proceed,
or enter new name. (Default extension: py)

Enter file name: 
! Undefined control sequence.
\\lst@inputlisting ...}}\reserved@a }\lst@doendpe 
                                                  \@newlistfalse \ignorespaces 
l.5 ...141]{../src/speechserver/audioConverter.py}
                                                  
? 

! Package Listings Error: File `../src/speechserver/clientAuth(.py)' not found.


Type X to quit or <RETURN> to proceed,
or enter new name. (Default extension: py)

Enter file name: 
! Undefined control sequence.
\\lst@inputlisting ...}}\reserved@a }\lst@doendpe 
                                                  \@newlistfalse \ignorespaces 
l.8 ...ine=103]{../src/speechserver/clientAuth.py}
                                                  
? 

! Package Listings Error: File `../src/speechserver/speechActions(.py)' not fou
nd.

Type X to quit or <RETURN> to proceed,
or enter new name. (Default extension: py)

Enter file name: 
! Undefined control sequence.
\\lst@inputlisting ...}}\reserved@a }\lst@doendpe 
                                                  \@newlistfalse \ignorespaces 
l.11 ...=50]{../src/speechserver/speechActions.py}
                                                  
? 
)) [42

] (./Rapport.bbl) [43


] (./Rapport.aux (./title.aux) (./remerciements.aux) (./Introduction.aux) (./Te
chnique.aux) (./ApprocheCommerciale.aux)
(./Conclusion.aux) (./LeCode.aux)) ) 
Here is how much of TeX's memory you used:
 6651 strings out of 493307
 92122 string characters out of 6139904
 168569 words of memory out of 5000000
 9805 multiletter control sequences out of 15000+600000
 26755 words of font info for 66 fonts, out of 8000000 for 9000
 957 hyphenation exceptions out of 8191
 38i,7n,32p,1325b,290s stack positions out of 5000i,500n,10000p,200000b,80000s
{/usr/share/texmf/fonts/enc/dvips/cm-super/
cm-super-t1.enc}{/usr/share/texmf/fonts/enc/dvips/cm-super/cm-super-ts1.enc}</u
sr/share/texlive/texmf-dist/fonts/type1/public/amsfonts/cm/cmex10.pfb></usr/sha
re/texlive/texmf-dist/fonts/type1/public/amsfonts/cm/cmmi10.pfb></usr/share/tex
live/texmf-dist/fonts/type1/public/amsfonts/cm/cmmi12.pfb></usr/share/texlive/t
exmf-dist/fonts/type1/public/amsfonts/cm/cmmi8.pfb></usr/share/texlive/texmf-di
st/fonts/type1/public/amsfonts/cm/cmr10.pfb></usr/share/texlive/texmf-dist/font
s/type1/public/amsfonts/cm/cmr6.pfb></usr/share/texlive/texmf-dist/fonts/type1/
public/amsfonts/cm/cmr8.pfb></usr/share/texlive/texmf-dist/fonts/type1/public/a
msfonts/cm/cmsy10.pfb></usr/share/texlive/texmf-dist/fonts/type1/public/amsfont
s/cm/cmsy8.pfb></usr/share/texlive/texmf-dist/fonts/type1/public/eurosym/feymr1
0.pfb></usr/share/texmf/fonts/type1/public/cm-super/sfbi1095.pfb></usr/share/te
xmf/fonts/type1/public/cm-super/sfbx1095.pfb></usr/share/texmf/fonts/type1/publ
ic/cm-super/sfbx1200.pfb></usr/share/texmf/fonts/type1/public/cm-super/sfbx1440
.pfb></usr/share/texmf/fonts/type1/public/cm-super/sfbx2074.pfb></usr/share/tex
mf/fonts/type1/public/cm-super/sfbx2488.pfb></usr/share/texmf/fonts/type1/publi
c/cm-super/sfcc1095.pfb></usr/share/texmf/fonts/type1/public/cm-super/sfcc1440.
pfb></usr/share/texmf/fonts/type1/public/cm-super/sfcc2488.pfb></usr/share/texm
f/fonts/type1/public/cm-super/sfrm0800.pfb></usr/share/texmf/fonts/type1/public
/cm-super/sfrm0900.pfb></usr/share/texmf/fonts/type1/public/cm-super/sfrm1095.p
fb></usr/share/texmf/fonts/type1/public/cm-super/sfrm1200.pfb></usr/share/texmf
/fonts/type1/public/cm-super/sfrm1440.pfb></usr/share/texmf/fonts/type1/public/
cm-super/sfrm2488.pfb></usr/share/texmf/fonts/type1/public/cm-super/sfsl1095.pf
b></usr/share/texmf/fonts/type1/public/cm-super/sfsl1440.pfb></usr/share/texmf/
fonts/type1/public/cm-super/sfti1095.pfb></usr/share/texmf/fonts/type1/public/c
m-super/sftt1095.pfb>
Output written on Rapport.pdf (44 pages, 3366669 bytes).
PDF statistics:
 309 PDF objects out of 1000 (max. 8388607)
 194 compressed objects within 2 object streams
 0 named destinations out of 1000 (max. 500000)
 156 words of extra memory for PDF output out of 10000 (max. 10000000)

